[PngImagePlugin.py:197] - 2024-08-26 15:31:29,504 - DEBUG - STREAM b'IHDR' 16 13
[PngImagePlugin.py:197] - 2024-08-26 15:31:29,504 - DEBUG - STREAM b'sRGB' 41 1
[PngImagePlugin.py:197] - 2024-08-26 15:31:29,504 - DEBUG - STREAM b'IDAT' 54 8192
[PngImagePlugin.py:197] - 2024-08-26 15:31:29,504 - DEBUG - STREAM b'IHDR' 16 13
[PngImagePlugin.py:197] - 2024-08-26 15:31:29,504 - DEBUG - STREAM b'sRGB' 41 1
[PngImagePlugin.py:197] - 2024-08-26 15:31:29,504 - DEBUG - STREAM b'IDAT' 54 8192
[PngImagePlugin.py:197] - 2024-08-26 15:31:29,504 - DEBUG - STREAM b'IHDR' 16 13
[PngImagePlugin.py:197] - 2024-08-26 15:31:29,504 - DEBUG - STREAM b'sRGB' 41 1
[PngImagePlugin.py:197] - 2024-08-26 15:31:29,504 - DEBUG - STREAM b'IDAT' 54 8192
[PngImagePlugin.py:197] - 2024-08-26 15:31:29,504 - DEBUG - STREAM b'IHDR' 16 13
[PngImagePlugin.py:197] - 2024-08-26 15:31:29,504 - DEBUG - STREAM b'sRGB' 41 1
[PngImagePlugin.py:197] - 2024-08-26 15:31:29,504 - DEBUG - STREAM b'gAMA' 54 4
[PngImagePlugin.py:197] - 2024-08-26 15:31:29,504 - DEBUG - STREAM b'pHYs' 70 9
[PngImagePlugin.py:197] - 2024-08-26 15:31:29,504 - DEBUG - STREAM b'IDAT' 91 766
[PngImagePlugin.py:197] - 2024-08-26 15:31:29,504 - DEBUG - STREAM b'IHDR' 16 13
[PngImagePlugin.py:197] - 2024-08-26 15:31:29,504 - DEBUG - STREAM b'sRGB' 41 1
[PngImagePlugin.py:197] - 2024-08-26 15:31:29,504 - DEBUG - STREAM b'gAMA' 54 4
[PngImagePlugin.py:197] - 2024-08-26 15:31:29,504 - DEBUG - STREAM b'pHYs' 70 9
[PngImagePlugin.py:197] - 2024-08-26 15:31:29,504 - DEBUG - STREAM b'IDAT' 91 601
[PngImagePlugin.py:197] - 2024-08-26 15:31:29,504 - DEBUG - STREAM b'IHDR' 16 13
[PngImagePlugin.py:197] - 2024-08-26 15:31:29,504 - DEBUG - STREAM b'sRGB' 41 1
[PngImagePlugin.py:197] - 2024-08-26 15:31:29,504 - DEBUG - STREAM b'gAMA' 54 4
[PngImagePlugin.py:197] - 2024-08-26 15:31:29,504 - DEBUG - STREAM b'pHYs' 70 9
[PngImagePlugin.py:197] - 2024-08-26 15:31:29,504 - DEBUG - STREAM b'IDAT' 91 1063
[PngImagePlugin.py:197] - 2024-08-26 15:32:03,835 - DEBUG - STREAM b'IHDR' 16 13
[PngImagePlugin.py:197] - 2024-08-26 15:32:03,835 - DEBUG - STREAM b'sRGB' 41 1
[PngImagePlugin.py:197] - 2024-08-26 15:32:03,835 - DEBUG - STREAM b'IDAT' 54 8192
[PngImagePlugin.py:197] - 2024-08-26 15:32:03,835 - DEBUG - STREAM b'IHDR' 16 13
[PngImagePlugin.py:197] - 2024-08-26 15:32:03,835 - DEBUG - STREAM b'sRGB' 41 1
[PngImagePlugin.py:197] - 2024-08-26 15:32:03,835 - DEBUG - STREAM b'IDAT' 54 8192
[PngImagePlugin.py:197] - 2024-08-26 15:32:03,851 - DEBUG - STREAM b'IHDR' 16 13
[PngImagePlugin.py:197] - 2024-08-26 15:32:03,851 - DEBUG - STREAM b'sRGB' 41 1
[PngImagePlugin.py:197] - 2024-08-26 15:32:03,851 - DEBUG - STREAM b'IDAT' 54 8192
[PngImagePlugin.py:197] - 2024-08-26 15:32:03,851 - DEBUG - STREAM b'IHDR' 16 13
[PngImagePlugin.py:197] - 2024-08-26 15:32:03,851 - DEBUG - STREAM b'sRGB' 41 1
[PngImagePlugin.py:197] - 2024-08-26 15:32:03,851 - DEBUG - STREAM b'gAMA' 54 4
[PngImagePlugin.py:197] - 2024-08-26 15:32:03,851 - DEBUG - STREAM b'pHYs' 70 9
[PngImagePlugin.py:197] - 2024-08-26 15:32:03,851 - DEBUG - STREAM b'IDAT' 91 766
[PngImagePlugin.py:197] - 2024-08-26 15:32:03,851 - DEBUG - STREAM b'IHDR' 16 13
[PngImagePlugin.py:197] - 2024-08-26 15:32:03,851 - DEBUG - STREAM b'sRGB' 41 1
[PngImagePlugin.py:197] - 2024-08-26 15:32:03,851 - DEBUG - STREAM b'gAMA' 54 4
[PngImagePlugin.py:197] - 2024-08-26 15:32:03,851 - DEBUG - STREAM b'pHYs' 70 9
[PngImagePlugin.py:197] - 2024-08-26 15:32:03,851 - DEBUG - STREAM b'IDAT' 91 601
[PngImagePlugin.py:197] - 2024-08-26 15:32:03,851 - DEBUG - STREAM b'IHDR' 16 13
[PngImagePlugin.py:197] - 2024-08-26 15:32:03,851 - DEBUG - STREAM b'sRGB' 41 1
[PngImagePlugin.py:197] - 2024-08-26 15:32:03,851 - DEBUG - STREAM b'gAMA' 54 4
[PngImagePlugin.py:197] - 2024-08-26 15:32:03,851 - DEBUG - STREAM b'pHYs' 70 9
[PngImagePlugin.py:197] - 2024-08-26 15:32:03,851 - DEBUG - STREAM b'IDAT' 91 1063
[PngImagePlugin.py:197] - 2024-08-26 15:52:18,069 - DEBUG - STREAM b'IHDR' 16 13
[PngImagePlugin.py:197] - 2024-08-26 15:52:18,069 - DEBUG - STREAM b'sRGB' 41 1
[PngImagePlugin.py:197] - 2024-08-26 15:52:18,069 - DEBUG - STREAM b'IDAT' 54 8192
[PngImagePlugin.py:197] - 2024-08-26 15:52:18,069 - DEBUG - STREAM b'IHDR' 16 13
[PngImagePlugin.py:197] - 2024-08-26 15:52:18,069 - DEBUG - STREAM b'sRGB' 41 1
[PngImagePlugin.py:197] - 2024-08-26 15:52:18,069 - DEBUG - STREAM b'IDAT' 54 8192
[PngImagePlugin.py:197] - 2024-08-26 15:52:18,069 - DEBUG - STREAM b'IHDR' 16 13
[PngImagePlugin.py:197] - 2024-08-26 15:52:18,069 - DEBUG - STREAM b'sRGB' 41 1
[PngImagePlugin.py:197] - 2024-08-26 15:52:18,069 - DEBUG - STREAM b'IDAT' 54 8192
[PngImagePlugin.py:197] - 2024-08-26 15:52:18,069 - DEBUG - STREAM b'IHDR' 16 13
[PngImagePlugin.py:197] - 2024-08-26 15:52:18,069 - DEBUG - STREAM b'sRGB' 41 1
[PngImagePlugin.py:197] - 2024-08-26 15:52:18,069 - DEBUG - STREAM b'gAMA' 54 4
[PngImagePlugin.py:197] - 2024-08-26 15:52:18,069 - DEBUG - STREAM b'pHYs' 70 9
[PngImagePlugin.py:197] - 2024-08-26 15:52:18,069 - DEBUG - STREAM b'IDAT' 91 766
[PngImagePlugin.py:197] - 2024-08-26 15:52:18,085 - DEBUG - STREAM b'IHDR' 16 13
[PngImagePlugin.py:197] - 2024-08-26 15:52:18,085 - DEBUG - STREAM b'sRGB' 41 1
[PngImagePlugin.py:197] - 2024-08-26 15:52:18,085 - DEBUG - STREAM b'gAMA' 54 4
[PngImagePlugin.py:197] - 2024-08-26 15:52:18,085 - DEBUG - STREAM b'pHYs' 70 9
[PngImagePlugin.py:197] - 2024-08-26 15:52:18,085 - DEBUG - STREAM b'IDAT' 91 601
[PngImagePlugin.py:197] - 2024-08-26 15:52:18,085 - DEBUG - STREAM b'IHDR' 16 13
[PngImagePlugin.py:197] - 2024-08-26 15:52:18,085 - DEBUG - STREAM b'sRGB' 41 1
[PngImagePlugin.py:197] - 2024-08-26 15:52:18,085 - DEBUG - STREAM b'gAMA' 54 4
[PngImagePlugin.py:197] - 2024-08-26 15:52:18,085 - DEBUG - STREAM b'pHYs' 70 9
[PngImagePlugin.py:197] - 2024-08-26 15:52:18,085 - DEBUG - STREAM b'IDAT' 91 1063
[PngImagePlugin.py:197] - 2024-08-26 15:53:54,779 - DEBUG - STREAM b'IHDR' 16 13
[PngImagePlugin.py:197] - 2024-08-26 15:53:54,779 - DEBUG - STREAM b'sRGB' 41 1
[PngImagePlugin.py:197] - 2024-08-26 15:53:54,779 - DEBUG - STREAM b'IDAT' 54 8192
[PngImagePlugin.py:197] - 2024-08-26 15:53:54,779 - DEBUG - STREAM b'IHDR' 16 13
[PngImagePlugin.py:197] - 2024-08-26 15:53:54,779 - DEBUG - STREAM b'sRGB' 41 1
[PngImagePlugin.py:197] - 2024-08-26 15:53:54,779 - DEBUG - STREAM b'IDAT' 54 8192
[PngImagePlugin.py:197] - 2024-08-26 15:53:54,779 - DEBUG - STREAM b'IHDR' 16 13
[PngImagePlugin.py:197] - 2024-08-26 15:53:54,794 - DEBUG - STREAM b'sRGB' 41 1
[PngImagePlugin.py:197] - 2024-08-26 15:53:54,794 - DEBUG - STREAM b'IDAT' 54 8192
[PngImagePlugin.py:197] - 2024-08-26 15:53:54,794 - DEBUG - STREAM b'IHDR' 16 13
[PngImagePlugin.py:197] - 2024-08-26 15:53:54,794 - DEBUG - STREAM b'sRGB' 41 1
[PngImagePlugin.py:197] - 2024-08-26 15:53:54,794 - DEBUG - STREAM b'gAMA' 54 4
[PngImagePlugin.py:197] - 2024-08-26 15:53:54,794 - DEBUG - STREAM b'pHYs' 70 9
[PngImagePlugin.py:197] - 2024-08-26 15:53:54,794 - DEBUG - STREAM b'IDAT' 91 766
[PngImagePlugin.py:197] - 2024-08-26 15:53:54,794 - DEBUG - STREAM b'IHDR' 16 13
[PngImagePlugin.py:197] - 2024-08-26 15:53:54,794 - DEBUG - STREAM b'sRGB' 41 1
[PngImagePlugin.py:197] - 2024-08-26 15:53:54,794 - DEBUG - STREAM b'gAMA' 54 4
[PngImagePlugin.py:197] - 2024-08-26 15:53:54,794 - DEBUG - STREAM b'pHYs' 70 9
[PngImagePlugin.py:197] - 2024-08-26 15:53:54,794 - DEBUG - STREAM b'IDAT' 91 601
[PngImagePlugin.py:197] - 2024-08-26 15:53:54,794 - DEBUG - STREAM b'IHDR' 16 13
[PngImagePlugin.py:197] - 2024-08-26 15:53:54,794 - DEBUG - STREAM b'sRGB' 41 1
[PngImagePlugin.py:197] - 2024-08-26 15:53:54,794 - DEBUG - STREAM b'gAMA' 54 4
[PngImagePlugin.py:197] - 2024-08-26 15:53:54,794 - DEBUG - STREAM b'pHYs' 70 9
[PngImagePlugin.py:197] - 2024-08-26 15:53:54,794 - DEBUG - STREAM b'IDAT' 91 1063
